::1 - - [17/Dec/2022:22:48:18 +0000] "GET /users/profile/639e4063e48f07b86abd94e0 HTTP/1.1" 200 3079 "http://localhost:8000/users/profile/639e4063e48f07b86abd94e0" "Mozilla/5.0 (Windows NT 10.0; Win64; x64) AppleWebKit/537.36 (KHTML, like Gecko) Chrome/108.0.0.0 Safari/537.36"
::1 - - [17/Dec/2022:22:48:19 +0000] "GET / HTTP/1.1" 200 3767 "http://localhost:8000/users/profile/639e4063e48f07b86abd94e0" "Mozilla/5.0 (Windows NT 10.0; Win64; x64) AppleWebKit/537.36 (KHTML, like Gecko) Chrome/108.0.0.0 Safari/537.36"
::1 - - [17/Dec/2022:22:48:43 +0000] "GET /users/profile/639e3c24b93b426705f5c2b5 HTTP/1.1" 200 2628 "http://localhost:8000/" "Mozilla/5.0 (Windows NT 10.0; Win64; x64) AppleWebKit/537.36 (KHTML, like Gecko) Chrome/108.0.0.0 Safari/537.36"
::1 - - [17/Dec/2022:22:48:47 +0000] "GET /users/profile/639e4063e48f07b86abd94e0 HTTP/1.1" 304 - "http://localhost:8000/users/profile/639e3c24b93b426705f5c2b5" "Mozilla/5.0 (Windows NT 10.0; Win64; x64) AppleWebKit/537.36 (KHTML, like Gecko) Chrome/108.0.0.0 Safari/537.36"
::1 - - [17/Dec/2022:22:48:49 +0000] "GET / HTTP/1.1" 304 - "http://localhost:8000/users/profile/639e4063e48f07b86abd94e0" "Mozilla/5.0 (Windows NT 10.0; Win64; x64) AppleWebKit/537.36 (KHTML, like Gecko) Chrome/108.0.0.0 Safari/537.36"
[0mGET / [32m200[0m 240.584 ms - 21734[0m
[0mGET /favicon.ico [33m404[0m 13.238 ms - 150[0m
[0mGET /users/sign-in [32m200[0m 14.341 ms - 2762[0m
[0mPOST /users/create-session [36m302[0m 41.753 ms - 46[0m
[0mGET / [32m200[0m 142.126 ms - 32580[0m
[0mGET / [32m200[0m 126.745 ms - 21734[0m
[0mGET /favicon.ico [33m404[0m 3.570 ms - 150[0m
[0mGET /users/sign-in [36m304[0m 19.098 ms - -[0m
[0mPOST /users/create-session [36m302[0m 13.722 ms - 46[0m
[0mGET / [32m200[0m 110.641 ms - 34999[0m
[0mGET / [32m200[0m 132.208 ms - 21734[0m
[0mGET /users/sign-in [36m304[0m 12.538 ms - -[0m
[0mPOST /users/create-session [36m302[0m 26.218 ms - 46[0m
[0mGET / [32m200[0m 117.305 ms - 32580[0m
[0mGET / [32m200[0m 48.422 ms - 21734[0m
[0mGET /favicon.ico [33m404[0m 3.315 ms - 150[0m
[0mGET /users/sign-in [36m304[0m 11.269 ms - -[0m
[0mPOST /users/create-session [36m302[0m 15.209 ms - 46[0m
[0mGET / [32m200[0m 96.873 ms - 34999[0m
[0mGET / [32m200[0m 210.561 ms - 32338[0m
[0mGET / [32m200[0m 99.037 ms - 34757[0m
[0mGET /users/sign-out [36m302[0m 29.028 ms - 46[0m
[0mGET / [32m200[0m 69.920 ms - 21973[0m
[0mGET / [32m200[0m 118.200 ms - 32413[0m
[0mGET /message [33m404[0m 14.566 ms - 146[0m
[0mGET / [36m304[0m 108.100 ms - -[0m
[0mGET /message [32m200[0m 39.678 ms - 6250[0m
[0mGET / [36m304[0m 165.952 ms - -[0m
[0mGET /message [32m200[0m 29.473 ms - 3645[0m
[0mGET /message [36m304[0m 25.309 ms - -[0m
[0mGET /message [36m304[0m 29.037 ms - -[0m
[0mGET / [36m304[0m 133.083 ms - -[0m
[0mGET /message [32m200[0m 20.206 ms - 6787[0m
[0mGET /message [31m500[0m 22.818 ms - 2054[0m
[0mGET /message [32m200[0m 24.563 ms - 6834[0m
[0mGET /message [32m200[0m 19.388 ms - 3645[0m
[0mGET /message [36m304[0m 21.972 ms - -[0m
[0mGET /message [32m200[0m 19.676 ms - 6792[0m
[0mGET /message [32m200[0m 24.654 ms - 3645[0m
[0mGET /message [36m304[0m 23.005 ms - -[0m
[0mGET /message [32m200[0m 18.575 ms - 6792[0m
[0mGET /message [32m200[0m 17.780 ms - 3645[0m
[0mGET /message [32m200[0m 22.264 ms - 6792[0m
[0mGET /message [32m200[0m 23.515 ms - 7004[0m
[0mGET /message [32m200[0m 19.765 ms - 6806[0m
[0mGET /message [32m200[0m 21.651 ms - 6840[0m
[0mGET /message [32m200[0m 19.735 ms - 6826[0m
[0mGET /message [32m200[0m 19.304 ms - 6828[0m
[0mGET /message [32m200[0m 21.411 ms - 6852[0m
[0mGET /message [36m304[0m 21.863 ms - -[0m
[0mGET /message [32m200[0m 16.925 ms - 6884[0m
[0mGET /message [32m200[0m 21.482 ms - 6952[0m
[0mGET /message [36m304[0m 57.488 ms - -[0m
[0mGET /message [32m200[0m 32.407 ms - 6874[0m
[0mGET /message [31m500[0m 46.231 ms - 2341[0m
[0mGET /message [31m500[0m 23.833 ms - 2343[0m
[0mGET /message [31m500[0m 20.858 ms - 1592[0m
[0mGET /message [31m500[0m 20.485 ms - 1598[0m
[0mGET /message [31m500[0m 19.160 ms - 1598[0m
[0mGET /message [31m500[0m 19.987 ms - 1598[0m
[0mGET /message [31m500[0m 19.920 ms - 1598[0m
[0mGET /message [32m200[0m 31.778 ms - 6870[0m
[0mGET /message [32m200[0m 20.937 ms - 6913[0m
[0mGET /message [31m500[0m 18.492 ms - 1592[0m
[0mGET /message [31m500[0m 21.116 ms - 1592[0m
[0mGET /message [32m200[0m 27.046 ms - 6324[0m
[0mGET /message [36m302[0m 12.241 ms - 72[0m
[0mGET /users/sign-in [36m304[0m 28.247 ms - -[0m
[0mGET /users/sign-in [36m304[0m 17.970 ms - -[0m
[0mPOST /users/create-session [36m302[0m 35.048 ms - 46[0m
[0mGET / [32m200[0m 138.162 ms - 32655[0m
[0mGET /message [32m200[0m 30.049 ms - 6464[0m
[0mGET /message [36m304[0m 19.900 ms - -[0m
[0mGET /message [36m304[0m 24.639 ms - -[0m
[0mGET /message [36m304[0m 25.226 ms - -[0m
[0mGET /message [36m304[0m 42.711 ms - -[0m
[0mGET / [32m200[0m 95.894 ms - 21734[0m
[0mGET /users/sign-in [36m304[0m 15.522 ms - -[0m
[0mPOST /users/create-session [36m302[0m 14.707 ms - 72[0m
[0mGET /users/sign-in [32m200[0m 9.602 ms - 3005[0m
[0mPOST /users/create-session [36m302[0m 21.872 ms - 46[0m
[0mGET / [32m200[0m 107.459 ms - 35074[0m
[0mGET /message [32m200[0m 24.634 ms - 6464[0m
[0mGET /message [36m304[0m 20.787 ms - -[0m
[0mGET /message [36m304[0m 92.160 ms - -[0m
[0mGET /message [32m200[0m 32.114 ms - 6464[0m
[0mGET /message [32m200[0m 53.036 ms - 6464[0m
[0mGET /message [36m304[0m 27.390 ms - -[0m
[0mGET /message [32m200[0m 30.564 ms - 7045[0m
[0mGET /message [36m304[0m 24.847 ms - -[0m
[0mGET /message [36m304[0m 24.694 ms - -[0m
[0mGET /message [36m304[0m 22.990 ms - -[0m
[0mGET /message [32m200[0m 20.505 ms - 6464[0m
[0mGET /message [36m304[0m 22.759 ms - -[0m
[0mGET /message [36m304[0m 32.749 ms - -[0m
[0mGET /message [36m304[0m 50.398 ms - -[0m
[0mGET /message [36m304[0m 25.017 ms - -[0m
[0mGET /message [36m304[0m 63.341 ms - -[0m
[0mGET /message [32m200[0m 50.235 ms - 6395[0m
[0mGET /message [36m304[0m 55.916 ms - -[0m
[0mGET /message [36m304[0m 50.319 ms - -[0m
[0mGET /message [32m200[0m 26.792 ms - 6395[0m
[0mGET /message [36m304[0m 77.689 ms - -[0m
[0mGET /message [36m304[0m 27.280 ms - -[0m
[0mGET /message [32m200[0m 38.545 ms - 6483[0m
[0mGET /message [32m200[0m 28.132 ms - 6483[0m
[0mGET /message [36m304[0m 28.233 ms - -[0m
[0mGET /message [36m304[0m 57.773 ms - -[0m
[0mGET /message [36m304[0m 36.045 ms - -[0m
[0mGET /message [32m200[0m 43.133 ms - 6571[0m
[0mGET /message [32m200[0m 30.283 ms - 6571[0m
[0mGET /message [36m304[0m 53.635 ms - -[0m
[0mGET /message [36m304[0m 57.620 ms - -[0m
[0mGET /message [36m304[0m 52.887 ms - -[0m
[0mGET / [32m200[0m 198.159 ms - 21734[0m
[0mGET /users/sign-in [32m200[0m 22.887 ms - 2762[0m
[0mPOST /users/create-session [36m302[0m 24.009 ms - 46[0m
[0mGET / [32m200[0m 112.436 ms - 35074[0m
[0mGET / [32m200[0m 104.318 ms - 21734[0m
[0mGET /users/sign-in [36m304[0m 12.625 ms - -[0m
[0mPOST /users/create-session [36m302[0m 16.514 ms - 46[0m
[0mGET / [32m200[0m 97.899 ms - 32655[0m
[0mGET /message [32m200[0m 28.918 ms - 6914[0m
[0mGET /message [32m200[0m 21.751 ms - 6914[0m
[0mGET /users/sign-out [36m302[0m 27.605 ms - 46[0m
[0mGET / [32m200[0m 84.059 ms - 21973[0m
[0mGET /message [36m304[0m 32.080 ms - -[0m
[0mGET /users/sign-in [36m304[0m 10.352 ms - -[0m
[0mPOST /users/create-session [36m302[0m 13.732 ms - 46[0m
[0mGET / [32m200[0m 86.910 ms - 35074[0m
[0mGET /message [36m304[0m 22.173 ms - -[0m
[0mGET /message [36m304[0m 81.522 ms - -[0m
[0mGET /message [36m304[0m 42.158 ms - -[0m
[0mGET /message [36m304[0m 95.901 ms - -[0m
[0mGET /message [36m304[0m 45.687 ms - -[0m
[0mGET /message [36m304[0m 108.229 ms - -[0m
[0mGET /message [36m304[0m 47.744 ms - -[0m
[0mGET /message [36m304[0m 74.886 ms - -[0m
[0mGET /message [36m304[0m 36.124 ms - -[0m
[0mGET /message [36m304[0m 97.664 ms - -[0m
[0mGET /message [36m304[0m 35.685 ms - -[0m
[0mGET /message [36m304[0m 98.301 ms - -[0m
[0mGET /message [36m304[0m 33.544 ms - -[0m
[0mGET /message [36m302[0m 19.528 ms - 72[0m
[0mGET /users/sign-in [36m304[0m 76.800 ms - -[0m
[0mGET /message [36m302[0m 8.040 ms - 72[0m
[0mGET /users/sign-in [36m304[0m 24.858 ms - -[0m
[0mGET /users/sign-in [36m304[0m 22.772 ms - -[0m
[0mGET /users/sign-in [36m304[0m 47.110 ms - -[0m
[0mGET /users/sign-in [36m304[0m 17.177 ms - -[0m
[0mPOST /users/create-session [36m302[0m 41.029 ms - 46[0m
[0mGET / [36m304[0m 152.327 ms - -[0m
[0mPOST /users/create-session [36m302[0m 19.057 ms - 46[0m
[0mGET / [36m304[0m 121.560 ms - -[0m
[0mGET /message [32m200[0m 24.698 ms - 6914[0m
[0mGET /message [32m200[0m 29.528 ms - 6914[0m
[0mGET /message [36m304[0m 28.768 ms - -[0m
[0mGET /message [36m304[0m 86.763 ms - -[0m
