[0mGET /message [36m304[0m 97.597 ms - -[0m
[0mGET /message [36m304[0m 36.911 ms - -[0m
[0mGET /message [36m304[0m 74.890 ms - -[0m
[0mGET /message [36m304[0m 49.094 ms - -[0m
[0mGET /message [36m304[0m 99.753 ms - -[0m
[0mGET /message [36m304[0m 33.051 ms - -[0m
[0mGET /message [36m304[0m 97.585 ms - -[0m
[0mGET /message [36m304[0m 36.693 ms - -[0m
[0mGET /message [36m304[0m 89.388 ms - -[0m
[0mGET /message [36m304[0m 34.758 ms - -[0m
[0mGET /message [36m304[0m 39.500 ms - -[0m
[0mGET /message [36m304[0m 37.426 ms - -[0m
[0mGET /message [36m304[0m 90.367 ms - -[0m
[0mGET /message [36m304[0m 38.761 ms - -[0m
[0mGET /message [36m304[0m 71.309 ms - -[0m
[0mGET /message [36m304[0m 48.680 ms - -[0m
[0mGET /message [36m302[0m 20.315 ms - 72[0m
[0mGET /users/sign-in [36m304[0m 79.333 ms - -[0m
[0mGET /users/sign-in [36m304[0m 16.172 ms - -[0m
[0mPOST /users/create-session [36m302[0m 38.480 ms - 46[0m
[0mGET / [36m304[0m 157.955 ms - -[0m
[0mGET /message [36m302[0m 6.167 ms - 72[0m
[0mGET /users/sign-in [36m304[0m 13.476 ms - -[0m
[0mPOST /users/create-session [36m302[0m 16.839 ms - 46[0m
[0mGET / [36m304[0m 100.044 ms - -[0m
[0mGET /message [32m200[0m 20.741 ms - 6914[0m
[0mGET /message [32m200[0m 20.837 ms - 6914[0m
[0mGET /message [36m304[0m 75.555 ms - -[0m
[0mGET /message [36m304[0m 42.268 ms - -[0m
[0mGET /message [32m200[0m 93.095 ms - 6974[0m
[0mGET /message [32m200[0m 36.463 ms - 6974[0m
[0mGET /message [36m304[0m 71.097 ms - -[0m
[0mGET /message [36m304[0m 33.536 ms - -[0m
[0mGET /message [36m304[0m 35.604 ms - -[0m
[0mGET /message [36m304[0m 39.333 ms - -[0m
[0mGET /message [36m304[0m 37.387 ms - -[0m
[0mGET /message [36m304[0m 34.155 ms - -[0m
[0mGET /message [36m304[0m 36.214 ms - -[0m
[0mGET /message [36m304[0m 41.642 ms - -[0m
[0mGET / [32m200[0m 89.604 ms - 32413[0m
[0mGET /message [36m304[0m 28.777 ms - -[0m
[0mGET /message [36m304[0m 32.965 ms - -[0m
[0mGET /message [36m304[0m 32.181 ms - -[0m
[0mGET /message [36m304[0m 53.639 ms - -[0m
[0mGET /message [36m304[0m 37.420 ms - -[0m
[0mGET /message [36m304[0m 45.061 ms - -[0m
[0mGET /message [36m304[0m 38.540 ms - -[0m
[0mGET /message [36m304[0m 29.027 ms - -[0m
[0mGET / [36m304[0m 105.405 ms - -[0m
[0mGET /message [36m304[0m 16.086 ms - -[0m
[0mGET /message [36m304[0m 17.540 ms - -[0m
[0mGET /message [36m304[0m 50.197 ms - -[0m
[0mGET /message [36m304[0m 30.700 ms - -[0m
[0mGET /message [36m304[0m 35.353 ms - -[0m
[0mGET /message [36m304[0m 22.830 ms - -[0m
